[2026-06-24 17:36:46] DAEMON heartbeat — checking pipeline...
[2026-06-24 18:04:56] DAEMON heartbeat — checking pipeline...
Cadence updated successfully
## NETWORKING CADENCE — Live as of 2026-06-24

| Company | Role | Stage | T+ | Leg | Due | Action |
|---------|------|:-----:|:--:|:---:|:---:|--------|
| ✅ Indeed | Sr Mgr, Integration & Business | SUBMITTED | T+3 | Leg 2 🟡 | 2026-06-24 | **Follow-up message** |
| 🔵 Providence Healthcare | Dir, Clinical & Operations | SHOT | — | ⏸️ | TODAY | **SUBMIT FIRST** |
Cadence updated successfully
## NETWORKING CADENCE — Live as of 2026-06-24

| Company | Role | Stage | T+ | Leg | Due | Action |
|---------|------|:-----:|:--:|:---:|:---:|--------|
| ✅ Indeed | Sr Mgr, Integration & Business | SUBMITTED | T+3 | Leg 2 🟡 | 2026-06-24 | **Follow-up message** |
| 🔵 Providence Healthcare | Dir, Clinical & Operations | SHOT | — | ⏸️ | TODAY | **SUBMIT FIRST** |
date: invalid date '"+%H:%M"'
---
TRACKER.md updated: /home/aryan/opencode_test/ABHIMANYU-2.0/data/networking/NETWORKING_TRACKER.md
FOOTER.md generated: /home/aryan/opencode_test/ABHIMANYU-2.0/data/networking/CADENCE_FOOTER.md
Cadence updated successfully
## NETWORKING CADENCE — Live as of 2026-06-24

| Company | Role | Stage | T+ | Leg | Due | Action |
|---------|------|:-----:|:--:|:---:|:---:|--------|
| ✅ Indeed | Sr Mgr, Integration & Business | SUBMITTED | T+3 | Leg 2 🟡 | 2026-06-24 | **Follow-up message** |
| 🔵 Providence Healthcare | Dir, Clinical & Operations | SHOT | — | ⏸️ | TODAY | **SUBMIT FIRST** |
